<?xml version="1.0" encoding="UTF-8"?>
<testsuites>
  <testsuite name="t" tests="3" assertions="3" errors="1" failures="1" skipped="0" time="0.02">
    <testsuite name="SampleTest" file="/project/tests/SampleTest.php" tests="3" assertions="3" errors="1" failures="1" skipped="0" time="0.02">
      <testcase name="test_passes" file="/project/tests/SampleTest.php" line="4" class="SampleTest" assertions="1" time="0.005"/>
      <testcase name="test_fails" file="/project/tests/SampleTest.php" line="5" class="SampleTest" assertions="1" time="0.007">
        <failure type="PHPUnit\Framework\ExpectationFailedException">SampleTest::test_fails
one is not two
Failed asserting that 2 is identical to 1.

/project/tests/SampleTest.php:5</failure>
      </testcase>
      <testcase name="test_errors" file="/project/tests/SampleTest.php" line="9" class="SampleTest" assertions="1" time="0.008">
        <error type="RuntimeException">SampleTest::test_errors
boom

/project/tests/SampleTest.php:9</error>
      </testcase>
    </testsuite>
  </testsuite>
</testsuites>
